[ 2017-09-28T05:27:09+08:00 ] ::1 /huabanshe/index.php
INFO: [ app_init ] --START--
INFO: Run Behavior\BuildLiteBehavior [ RunTime:0.000037s ]
INFO: [ app_init ] --END-- [ RunTime:0.004628s ]
INFO: [ app_begin ] --START--
INFO: Run Behavior\ReadHtmlCacheBehavior [ RunTime:0.000463s ]
INFO: [ app_begin ] --END-- [ RunTime:0.000514s ]
SQL: SHOW COLUMNS FROM `notice` [ RunTime:0.1268s ]
NOTIC: [2] Invalid argument supplied for foreach() H:\AppServ\www\huabanshe\ThinkPHP\Library\Think\Db\Driver.class.php 第 504 行.
SQL: SELECT * FROM `notice` LIMIT 1   [ RunTime:0.0146s ]
NOTIC: [8] Use of undefined constant notice - assumed 'notice' H:\AppServ\www\huabanshe\Application\Home\Controller\IndexController.class.php 第 14 行.
INFO: [ view_parse ] --START--
INFO: [ template_filter ] --START--
INFO: Run Behavior\ContentReplaceBehavior [ RunTime:0.001275s ]
INFO: [ template_filter ] --END-- [ RunTime:0.001332s ]
NOTIC: [8] Undefined variable: list H:\AppServ\www\huabanshe\Application\Runtime\Cache\Home\2a94b8bda04ff446dcedd42276fc99ee.php 第 285 行.
NOTIC: [8] Undefined variable: page H:\AppServ\www\huabanshe\Application\Runtime\Cache\Home\2a94b8bda04ff446dcedd42276fc99ee.php 第 300 行.
INFO: Run Behavior\ParseTemplateBehavior [ RunTime:0.022729s ]
INFO: [ view_parse ] --END-- [ RunTime:0.022798s ]
INFO: [ view_filter ] --START--
INFO: Run Behavior\WriteHtmlCacheBehavior [ RunTime:0.000343s ]
INFO: [ view_filter ] --END-- [ RunTime:0.000378s ]
INFO: [ app_end ] --START--
INFO: Run Behavior\ShowPageTraceBehavior [ RunTime:0.000425s ]
INFO: [ app_end ] --END-- [ RunTime:0.000493s ]

[ 2017-09-28T05:27:09+08:00 ] ::1 /huabanshe/index.php/Home/Base/createVerify.html
INFO: [ app_init ] --START--
INFO: Run Behavior\BuildLiteBehavior [ RunTime:0.000013s ]
INFO: [ app_init ] --END-- [ RunTime:0.000349s ]
INFO: [ app_begin ] --START--
INFO: Run Behavior\ReadHtmlCacheBehavior [ RunTime:0.000543s ]
INFO: [ app_begin ] --END-- [ RunTime:0.000591s ]
INFO: [ app_end ] --START--
INFO: Run Behavior\ShowPageTraceBehavior [ RunTime:0.000555s ]
INFO: [ app_end ] --END-- [ RunTime:0.000611s ]

[ 2017-09-28T05:53:03+08:00 ] ::1 /huabanshe/index.php/Home/Usermin/register.html
INFO: [ app_init ] --START--
INFO: Run Behavior\BuildLiteBehavior [ RunTime:0.000009s ]
INFO: [ app_init ] --END-- [ RunTime:0.000267s ]
INFO: [ app_begin ] --START--
INFO: Run Behavior\ReadHtmlCacheBehavior [ RunTime:0.000489s ]
INFO: [ app_begin ] --END-- [ RunTime:0.000534s ]
SQL: SHOW COLUMNS FROM `usermin` [ RunTime:0.0036s ]
NOTIC: [8] Undefined index: validate H:\AppServ\www\huabanshe\ThinkPHP\Library\Think\Model.class.php 第 1185 行.
NOTIC: [8] Undefined index: auto H:\AppServ\www\huabanshe\ThinkPHP\Library\Think\Model.class.php 第 1128 行.
SQL: select *from usermin where username = '2015082311' [ RunTime:0.0366s ]
SQL: insert into usermin (username,password,email,administrator,isactivation) values ('2015082311','897ab2b85a9685f1c2102042f9407481','1762937014@qq.com',0,0) [ RunTime:0.1224s ]
NOTIC: [2] stream_socket_client(): unable to connect to ssl://smtp.qq.com:465 (Unable to find the socket transport &quot;ssl&quot; - did you forget to enable it when you configured PHP?) H:\AppServ\www\huabanshe\ThinkPHP\Library\Vendor\swiftmailer\lib\classes\Swift\Transport\StreamBuffer.php 第 269 行.
ERR: Connection could not be established with host smtp.qq.com [Unable to find the socket transport "ssl" - did you forget to enable it when you configured PHP? #83499152]

[ 2017-09-28T05:53:53+08:00 ] ::1 /huabanshe/index.php
INFO: [ app_init ] --START--
INFO: Run Behavior\BuildLiteBehavior [ RunTime:0.000010s ]
INFO: [ app_init ] --END-- [ RunTime:0.000271s ]
INFO: [ app_begin ] --START--
INFO: Run Behavior\ReadHtmlCacheBehavior [ RunTime:0.000467s ]
INFO: [ app_begin ] --END-- [ RunTime:0.000529s ]
NOTIC: [2] session_start(): open(C:/Users/kun/AppData/Local/Temp\sess_pisq1gn5ebke5pke8p13n9uqi4, O_RDWR) failed: No such file or directory (2) H:\AppServ\www\huabanshe\ThinkPHP\Common\functions.php 第 1263 行.

[ 2017-09-28T05:54:07+08:00 ] ::1 /huabanshe/index.php
INFO: [ app_init ] --START--
INFO: Run Behavior\BuildLiteBehavior [ RunTime:0.000011s ]
INFO: [ app_init ] --END-- [ RunTime:0.000278s ]
INFO: [ app_begin ] --START--
INFO: Run Behavior\ReadHtmlCacheBehavior [ RunTime:0.000399s ]
INFO: [ app_begin ] --END-- [ RunTime:0.000445s ]
NOTIC: [2] session_start(): open(C:/Users/kun/AppData/Local/Temp\sess_pisq1gn5ebke5pke8p13n9uqi4, O_RDWR) failed: No such file or directory (2) H:\AppServ\www\huabanshe\ThinkPHP\Common\functions.php 第 1263 行.

[ 2017-09-28T05:54:08+08:00 ] ::1 /huabanshe/index.php
INFO: [ app_init ] --START--
INFO: Run Behavior\BuildLiteBehavior [ RunTime:0.000008s ]
INFO: [ app_init ] --END-- [ RunTime:0.000263s ]
INFO: [ app_begin ] --START--
INFO: Run Behavior\ReadHtmlCacheBehavior [ RunTime:0.000284s ]
INFO: [ app_begin ] --END-- [ RunTime:0.000319s ]
NOTIC: [2] session_start(): open(C:/Users/kun/AppData/Local/Temp\sess_pisq1gn5ebke5pke8p13n9uqi4, O_RDWR) failed: No such file or directory (2) H:\AppServ\www\huabanshe\ThinkPHP\Common\functions.php 第 1263 行.

[ 2017-09-28T05:55:56+08:00 ] ::1 /huabanshe/index.php
INFO: [ app_init ] --START--
INFO: Run Behavior\BuildLiteBehavior [ RunTime:0.000010s ]
INFO: [ app_init ] --END-- [ RunTime:0.000293s ]
INFO: [ app_begin ] --START--
INFO: Run Behavior\ReadHtmlCacheBehavior [ RunTime:0.000401s ]
INFO: [ app_begin ] --END-- [ RunTime:0.000452s ]
NOTIC: [2] session_start(): open(C:/Users/kun/AppData/Local/Temp\sess_pisq1gn5ebke5pke8p13n9uqi4, O_RDWR) failed: No such file or directory (2) H:\AppServ\www\huabanshe\ThinkPHP\Common\functions.php 第 1263 行.

[ 2017-09-28T06:00:44+08:00 ] ::1 /huabanshe/index.php
INFO: [ app_init ] --START--
INFO: Run Behavior\BuildLiteBehavior [ RunTime:0.000012s ]
INFO: [ app_init ] --END-- [ RunTime:0.000418s ]
INFO: [ app_begin ] --START--
INFO: Run Behavior\ReadHtmlCacheBehavior [ RunTime:0.000458s ]
INFO: [ app_begin ] --END-- [ RunTime:0.000531s ]
NOTIC: [2] session_start(): open(C:/Users/kun/AppData/Local/Temp\sess_pisq1gn5ebke5pke8p13n9uqi4, O_RDWR) failed: No such file or directory (2) H:\AppServ\www\huabanshe\ThinkPHP\Common\functions.php 第 1263 行.

[ 2017-09-28T06:06:27+08:00 ] ::1 /huabanshe/index.php
INFO: [ app_init ] --START--
INFO: Run Behavior\BuildLiteBehavior [ RunTime:0.000011s ]
INFO: [ app_init ] --END-- [ RunTime:0.000333s ]
INFO: [ app_begin ] --START--
INFO: Run Behavior\ReadHtmlCacheBehavior [ RunTime:0.000779s ]
INFO: [ app_begin ] --END-- [ RunTime:0.000842s ]
ERR: 1146:Table 'person.notice' doesn't exist
 [ SQL语句 ] : SHOW COLUMNS FROM `notice`
ERR: 1146:Table 'person.notice' doesn't exist
 [ SQL语句 ] : SHOW COLUMNS FROM `notice`

[ 2017-09-28T06:15:18+08:00 ] ::1 /huabanshe/index.php
INFO: [ app_init ] --START--
INFO: Run Behavior\BuildLiteBehavior [ RunTime:0.000010s ]
INFO: [ app_init ] --END-- [ RunTime:0.000440s ]
INFO: [ app_begin ] --START--
INFO: Run Behavior\ReadHtmlCacheBehavior [ RunTime:0.000642s ]
INFO: [ app_begin ] --END-- [ RunTime:0.000731s ]
SQL: SHOW COLUMNS FROM `notice` [ RunTime:0.0078s ]
NOTIC: [2] Invalid argument supplied for foreach() H:\AppServ\www\huabanshe\ThinkPHP\Library\Think\Db\Driver.class.php 第 504 行.
SQL: SELECT * FROM `notice` LIMIT 1   [ RunTime:0.0002s ]
NOTIC: [8] Use of undefined constant notice - assumed 'notice' H:\AppServ\www\huabanshe\Application\Home\Controller\IndexController.class.php 第 14 行.
INFO: [ view_parse ] --START--
INFO: [ template_filter ] --START--
INFO: Run Behavior\ContentReplaceBehavior [ RunTime:0.000157s ]
INFO: [ template_filter ] --END-- [ RunTime:0.000213s ]
NOTIC: [8] Undefined variable: list H:\AppServ\www\huabanshe\Application\Runtime\Cache\Home\2a94b8bda04ff446dcedd42276fc99ee.php 第 285 行.
NOTIC: [8] Undefined variable: page H:\AppServ\www\huabanshe\Application\Runtime\Cache\Home\2a94b8bda04ff446dcedd42276fc99ee.php 第 300 行.
INFO: Run Behavior\ParseTemplateBehavior [ RunTime:0.079517s ]
INFO: [ view_parse ] --END-- [ RunTime:0.079568s ]
INFO: [ view_filter ] --START--
INFO: Run Behavior\WriteHtmlCacheBehavior [ RunTime:0.005698s ]
INFO: [ view_filter ] --END-- [ RunTime:0.005743s ]
INFO: [ app_end ] --START--
INFO: Run Behavior\ShowPageTraceBehavior [ RunTime:0.000896s ]
INFO: [ app_end ] --END-- [ RunTime:0.000983s ]

[ 2017-09-28T06:15:18+08:00 ] ::1 /huabanshe/index.php/Home/Base/createVerify.html
INFO: [ app_init ] --START--
INFO: Run Behavior\BuildLiteBehavior [ RunTime:0.000011s ]
INFO: [ app_init ] --END-- [ RunTime:0.000428s ]
INFO: [ app_begin ] --START--
INFO: Run Behavior\ReadHtmlCacheBehavior [ RunTime:0.000478s ]
INFO: [ app_begin ] --END-- [ RunTime:0.000526s ]
INFO: [ app_end ] --START--
INFO: Run Behavior\ShowPageTraceBehavior [ RunTime:0.000623s ]
INFO: [ app_end ] --END-- [ RunTime:0.000684s ]

[ 2017-09-28T06:15:43+08:00 ] ::1 /huabanshe/index.php/Home/Usermin/register.html
INFO: [ app_init ] --START--
INFO: Run Behavior\BuildLiteBehavior [ RunTime:0.000011s ]
INFO: [ app_init ] --END-- [ RunTime:0.000254s ]
INFO: [ app_begin ] --START--
INFO: Run Behavior\ReadHtmlCacheBehavior [ RunTime:0.000421s ]
INFO: [ app_begin ] --END-- [ RunTime:0.000456s ]
SQL: SHOW COLUMNS FROM `usermin` [ RunTime:0.0026s ]
NOTIC: [8] Undefined index: validate H:\AppServ\www\huabanshe\ThinkPHP\Library\Think\Model.class.php 第 1185 行.
NOTIC: [8] Undefined index: auto H:\AppServ\www\huabanshe\ThinkPHP\Library\Think\Model.class.php 第 1128 行.
SQL: select *from usermin where username = '2015082311' [ RunTime:0.0003s ]
SQL: insert into usermin (username,password,email,administrator,isactivation) values ('2015082311','897ab2b85a9685f1c2102042f9407481','1762937014@qq.com',0,0) [ RunTime:0.0929s ]
ERR: Failed to authenticate on SMTP server with username "1191544503@qq.com" using 1 possible authenticators

