[ 2017-10-04T06:50:49+08:00 ] ::1 /huabanshe/index.php
INFO: [ app_init ] --START--
INFO: Run Behavior\BuildLiteBehavior [ RunTime:0.000010s ]
INFO: [ app_init ] --END-- [ RunTime:0.000574s ]
INFO: [ app_begin ] --START--
INFO: Run Behavior\ReadHtmlCacheBehavior [ RunTime:0.000611s ]
INFO: [ app_begin ] --END-- [ RunTime:0.000655s ]
SQL: SHOW COLUMNS FROM `notice` [ RunTime:0.0229s ]
NOTIC: [2] Invalid argument supplied for foreach() H:\AppServ\www\huabanshe\ThinkPHP\Library\Think\Db\Driver.class.php 第 504 行.
SQL: SELECT * FROM `notice` LIMIT 1   [ RunTime:0.0003s ]
NOTIC: [8] Use of undefined constant notice - assumed 'notice' H:\AppServ\www\huabanshe\Application\Home\Controller\IndexController.class.php 第 14 行.
INFO: [ view_parse ] --START--
INFO: [ template_filter ] --START--
INFO: Run Behavior\ContentReplaceBehavior [ RunTime:0.000144s ]
INFO: [ template_filter ] --END-- [ RunTime:0.000215s ]
NOTIC: [8] Undefined variable: list H:\AppServ\www\huabanshe\Application\Runtime\Cache\Home\2a94b8bda04ff446dcedd42276fc99ee.php 第 285 行.
NOTIC: [8] Undefined variable: page H:\AppServ\www\huabanshe\Application\Runtime\Cache\Home\2a94b8bda04ff446dcedd42276fc99ee.php 第 300 行.
INFO: Run Behavior\ParseTemplateBehavior [ RunTime:0.060260s ]
INFO: [ view_parse ] --END-- [ RunTime:0.060311s ]
INFO: [ view_filter ] --START--
INFO: Run Behavior\WriteHtmlCacheBehavior [ RunTime:0.009297s ]
INFO: [ view_filter ] --END-- [ RunTime:0.009350s ]
INFO: [ app_end ] --START--
INFO: Run Behavior\ShowPageTraceBehavior [ RunTime:0.001005s ]
INFO: [ app_end ] --END-- [ RunTime:0.001063s ]

[ 2017-10-04T06:50:49+08:00 ] ::1 /huabanshe/index.php/Home/Base/createVerify.html
INFO: [ app_init ] --START--
INFO: Run Behavior\BuildLiteBehavior [ RunTime:0.000011s ]
INFO: [ app_init ] --END-- [ RunTime:0.000361s ]
INFO: [ app_begin ] --START--
INFO: Run Behavior\ReadHtmlCacheBehavior [ RunTime:0.000860s ]
INFO: [ app_begin ] --END-- [ RunTime:0.000939s ]
INFO: [ app_end ] --START--
INFO: Run Behavior\ShowPageTraceBehavior [ RunTime:0.000784s ]
INFO: [ app_end ] --END-- [ RunTime:0.000857s ]

[ 2017-10-04T06:51:09+08:00 ] ::1 /huabanshe/index.php
INFO: [ app_init ] --START--
INFO: Run Behavior\BuildLiteBehavior [ RunTime:0.000010s ]
INFO: [ app_init ] --END-- [ RunTime:0.000306s ]
INFO: [ app_begin ] --START--
INFO: Run Behavior\ReadHtmlCacheBehavior [ RunTime:0.000480s ]
INFO: [ app_begin ] --END-- [ RunTime:0.000517s ]
SQL: SHOW COLUMNS FROM `notice` [ RunTime:0.0010s ]
NOTIC: [2] Invalid argument supplied for foreach() H:\AppServ\www\huabanshe\ThinkPHP\Library\Think\Db\Driver.class.php 第 504 行.
SQL: SELECT * FROM `notice` LIMIT 1   [ RunTime:0.0002s ]
NOTIC: [8] Use of undefined constant notice - assumed 'notice' H:\AppServ\www\huabanshe\Application\Home\Controller\IndexController.class.php 第 14 行.
INFO: [ view_parse ] --START--
INFO: [ template_filter ] --START--
INFO: Run Behavior\ContentReplaceBehavior [ RunTime:0.000110s ]
INFO: [ template_filter ] --END-- [ RunTime:0.000152s ]
NOTIC: [8] Undefined variable: list H:\AppServ\www\huabanshe\Application\Runtime\Cache\Home\2a94b8bda04ff446dcedd42276fc99ee.php 第 285 行.
NOTIC: [8] Undefined variable: page H:\AppServ\www\huabanshe\Application\Runtime\Cache\Home\2a94b8bda04ff446dcedd42276fc99ee.php 第 300 行.
INFO: Run Behavior\ParseTemplateBehavior [ RunTime:0.032063s ]
INFO: [ view_parse ] --END-- [ RunTime:0.032101s ]
INFO: [ view_filter ] --START--
INFO: Run Behavior\WriteHtmlCacheBehavior [ RunTime:0.000355s ]
INFO: [ view_filter ] --END-- [ RunTime:0.000384s ]
INFO: [ app_end ] --START--
INFO: Run Behavior\ShowPageTraceBehavior [ RunTime:0.000549s ]
INFO: [ app_end ] --END-- [ RunTime:0.000586s ]

[ 2017-10-04T06:51:09+08:00 ] ::1 /huabanshe/index.php/Home/Base/createVerify.html
INFO: [ app_init ] --START--
INFO: Run Behavior\BuildLiteBehavior [ RunTime:0.000018s ]
INFO: [ app_init ] --END-- [ RunTime:0.000780s ]
INFO: [ app_begin ] --START--
INFO: Run Behavior\ReadHtmlCacheBehavior [ RunTime:0.000434s ]
INFO: [ app_begin ] --END-- [ RunTime:0.000477s ]
INFO: [ app_end ] --START--
INFO: Run Behavior\ShowPageTraceBehavior [ RunTime:0.001139s ]
INFO: [ app_end ] --END-- [ RunTime:0.001209s ]

[ 2017-10-04T06:56:31+08:00 ] ::1 /huabanshe/index.php
INFO: [ app_init ] --START--
INFO: Run Behavior\BuildLiteBehavior [ RunTime:0.000023s ]
INFO: [ app_init ] --END-- [ RunTime:0.011561s ]
INFO: [ app_begin ] --START--
INFO: Run Behavior\ReadHtmlCacheBehavior [ RunTime:0.022650s ]
INFO: [ app_begin ] --END-- [ RunTime:0.022728s ]
SQL: SHOW COLUMNS FROM `notice` [ RunTime:0.0014s ]
NOTIC: [2] Invalid argument supplied for foreach() H:\AppServ\www\huabanshe\ThinkPHP\Library\Think\Db\Driver.class.php 第 504 行.
SQL: SELECT * FROM `notice` LIMIT 1   [ RunTime:0.0002s ]
NOTIC: [8] Use of undefined constant notice - assumed 'notice' H:\AppServ\www\huabanshe\Application\Home\Controller\IndexController.class.php 第 14 行.
INFO: [ view_parse ] --START--
INFO: [ template_filter ] --START--
INFO: Run Behavior\ContentReplaceBehavior [ RunTime:0.000105s ]
INFO: [ template_filter ] --END-- [ RunTime:0.000142s ]
NOTIC: [8] Undefined variable: list H:\AppServ\www\huabanshe\Application\Runtime\Cache\Home\2a94b8bda04ff446dcedd42276fc99ee.php 第 285 行.
NOTIC: [8] Undefined variable: page H:\AppServ\www\huabanshe\Application\Runtime\Cache\Home\2a94b8bda04ff446dcedd42276fc99ee.php 第 300 行.
INFO: Run Behavior\ParseTemplateBehavior [ RunTime:0.159557s ]
INFO: [ view_parse ] --END-- [ RunTime:0.159595s ]
INFO: [ view_filter ] --START--
INFO: Run Behavior\WriteHtmlCacheBehavior [ RunTime:0.048554s ]
INFO: [ view_filter ] --END-- [ RunTime:0.048618s ]
INFO: [ app_end ] --START--
INFO: Run Behavior\ShowPageTraceBehavior [ RunTime:0.037814s ]
INFO: [ app_end ] --END-- [ RunTime:0.037877s ]

[ 2017-10-04T06:56:31+08:00 ] ::1 /huabanshe/index.php/Home/Base/createVerify.html
INFO: [ app_init ] --START--
INFO: Run Behavior\BuildLiteBehavior [ RunTime:0.000011s ]
INFO: [ app_init ] --END-- [ RunTime:0.000338s ]
INFO: [ app_begin ] --START--
INFO: Run Behavior\ReadHtmlCacheBehavior [ RunTime:0.000922s ]
INFO: [ app_begin ] --END-- [ RunTime:0.001011s ]
INFO: [ app_end ] --START--
INFO: Run Behavior\ShowPageTraceBehavior [ RunTime:0.000646s ]
INFO: [ app_end ] --END-- [ RunTime:0.000694s ]

[ 2017-10-04T06:59:22+08:00 ] ::1 /huabanshe/index.php
INFO: [ app_init ] --START--
INFO: Run Behavior\BuildLiteBehavior [ RunTime:0.000015s ]
INFO: [ app_init ] --END-- [ RunTime:0.000462s ]
INFO: [ app_begin ] --START--
INFO: Run Behavior\ReadHtmlCacheBehavior [ RunTime:0.000498s ]
INFO: [ app_begin ] --END-- [ RunTime:0.000546s ]
SQL: SHOW COLUMNS FROM `notice` [ RunTime:0.0012s ]
NOTIC: [2] Invalid argument supplied for foreach() H:\AppServ\www\huabanshe\ThinkPHP\Library\Think\Db\Driver.class.php 第 504 行.
SQL: SELECT * FROM `notice` LIMIT 1   [ RunTime:0.0002s ]
NOTIC: [8] Use of undefined constant notice - assumed 'notice' H:\AppServ\www\huabanshe\Application\Home\Controller\IndexController.class.php 第 14 行.
INFO: [ view_parse ] --START--
INFO: [ template_filter ] --START--
INFO: Run Behavior\ContentReplaceBehavior [ RunTime:0.000140s ]
INFO: [ template_filter ] --END-- [ RunTime:0.000179s ]
NOTIC: [8] Undefined variable: list H:\AppServ\www\huabanshe\Application\Runtime\Cache\Home\2a94b8bda04ff446dcedd42276fc99ee.php 第 285 行.
NOTIC: [8] Undefined variable: page H:\AppServ\www\huabanshe\Application\Runtime\Cache\Home\2a94b8bda04ff446dcedd42276fc99ee.php 第 300 行.
INFO: Run Behavior\ParseTemplateBehavior [ RunTime:0.009428s ]
INFO: [ view_parse ] --END-- [ RunTime:0.009463s ]
INFO: [ view_filter ] --START--
INFO: Run Behavior\WriteHtmlCacheBehavior [ RunTime:0.000304s ]
INFO: [ view_filter ] --END-- [ RunTime:0.000333s ]
INFO: [ app_end ] --START--
INFO: Run Behavior\ShowPageTraceBehavior [ RunTime:0.000471s ]
INFO: [ app_end ] --END-- [ RunTime:0.000509s ]

[ 2017-10-04T06:59:22+08:00 ] ::1 /huabanshe/index.php/Home/Base/createVerify.html
INFO: [ app_init ] --START--
INFO: Run Behavior\BuildLiteBehavior [ RunTime:0.000018s ]
INFO: [ app_init ] --END-- [ RunTime:0.000599s ]
INFO: [ app_begin ] --START--
INFO: Run Behavior\ReadHtmlCacheBehavior [ RunTime:0.000645s ]
INFO: [ app_begin ] --END-- [ RunTime:0.000708s ]
INFO: [ app_end ] --START--
INFO: Run Behavior\ShowPageTraceBehavior [ RunTime:0.000925s ]
INFO: [ app_end ] --END-- [ RunTime:0.001061s ]

[ 2017-10-04T06:59:25+08:00 ] ::1 /huabanshe/index.php
INFO: [ app_init ] --START--
INFO: Run Behavior\BuildLiteBehavior [ RunTime:0.000017s ]
INFO: [ app_init ] --END-- [ RunTime:0.000339s ]
INFO: [ app_begin ] --START--
INFO: Run Behavior\ReadHtmlCacheBehavior [ RunTime:0.000751s ]
INFO: [ app_begin ] --END-- [ RunTime:0.000805s ]
SQL: SHOW COLUMNS FROM `notice` [ RunTime:0.0011s ]
NOTIC: [2] Invalid argument supplied for foreach() H:\AppServ\www\huabanshe\ThinkPHP\Library\Think\Db\Driver.class.php 第 504 行.
SQL: SELECT * FROM `notice` LIMIT 1   [ RunTime:0.0002s ]
NOTIC: [8] Use of undefined constant notice - assumed 'notice' H:\AppServ\www\huabanshe\Application\Home\Controller\IndexController.class.php 第 14 行.
INFO: [ view_parse ] --START--
INFO: [ template_filter ] --START--
INFO: Run Behavior\ContentReplaceBehavior [ RunTime:0.000113s ]
INFO: [ template_filter ] --END-- [ RunTime:0.000153s ]
NOTIC: [8] Undefined variable: list H:\AppServ\www\huabanshe\Application\Runtime\Cache\Home\2a94b8bda04ff446dcedd42276fc99ee.php 第 285 行.
NOTIC: [8] Undefined variable: page H:\AppServ\www\huabanshe\Application\Runtime\Cache\Home\2a94b8bda04ff446dcedd42276fc99ee.php 第 300 行.
INFO: Run Behavior\ParseTemplateBehavior [ RunTime:0.009600s ]
INFO: [ view_parse ] --END-- [ RunTime:0.009636s ]
INFO: [ view_filter ] --START--
INFO: Run Behavior\WriteHtmlCacheBehavior [ RunTime:0.000285s ]
INFO: [ view_filter ] --END-- [ RunTime:0.000314s ]
INFO: [ app_end ] --START--
INFO: Run Behavior\ShowPageTraceBehavior [ RunTime:0.000490s ]
INFO: [ app_end ] --END-- [ RunTime:0.000542s ]

[ 2017-10-04T06:59:25+08:00 ] ::1 /huabanshe/index.php/Home/Base/createVerify.html
INFO: [ app_init ] --START--
INFO: Run Behavior\BuildLiteBehavior [ RunTime:0.000014s ]
INFO: [ app_init ] --END-- [ RunTime:0.000404s ]
INFO: [ app_begin ] --START--
INFO: Run Behavior\ReadHtmlCacheBehavior [ RunTime:0.000859s ]
INFO: [ app_begin ] --END-- [ RunTime:0.000977s ]
INFO: [ app_end ] --START--
INFO: Run Behavior\ShowPageTraceBehavior [ RunTime:0.001024s ]
INFO: [ app_end ] --END-- [ RunTime:0.001124s ]

[ 2017-10-04T07:00:43+08:00 ] ::1 /huabanshe/index.php/list.html
INFO: [ app_init ] --START--
INFO: Run Behavior\BuildLiteBehavior [ RunTime:0.000010s ]
INFO: [ app_init ] --END-- [ RunTime:0.000306s ]
INFO: [ app_begin ] --START--
INFO: Run Behavior\ReadHtmlCacheBehavior [ RunTime:0.000585s ]
INFO: [ app_begin ] --END-- [ RunTime:0.000641s ]
SQL: SHOW COLUMNS FROM `store` [ RunTime:0.0191s ]
NOTIC: [2] Invalid argument supplied for foreach() H:\AppServ\www\huabanshe\ThinkPHP\Library\Think\Db\Driver.class.php 第 504 行.
SQL: SELECT COUNT(*) AS tp_count FROM `store` LIMIT 1   [ RunTime:0.0002s ]
NOTIC: [2] Invalid argument supplied for foreach() H:\AppServ\www\huabanshe\ThinkPHP\Library\Think\Db\Driver.class.php 第 504 行.
SQL: SELECT * FROM `store` ORDER BY create_time LIMIT 0,8   [ RunTime:0.0004s ]
INFO: [ view_parse ] --START--
INFO: [ template_filter ] --START--
INFO: Run Behavior\ContentReplaceBehavior [ RunTime:0.000101s ]
INFO: [ template_filter ] --END-- [ RunTime:0.000149s ]
INFO: Run Behavior\ParseTemplateBehavior [ RunTime:0.010905s ]
INFO: [ view_parse ] --END-- [ RunTime:0.010950s ]
INFO: [ view_filter ] --START--
INFO: Run Behavior\WriteHtmlCacheBehavior [ RunTime:0.000477s ]
INFO: [ view_filter ] --END-- [ RunTime:0.000511s ]
INFO: [ app_end ] --START--
INFO: Run Behavior\ShowPageTraceBehavior [ RunTime:0.000744s ]
INFO: [ app_end ] --END-- [ RunTime:0.000795s ]

[ 2017-10-04T07:00:43+08:00 ] ::1 /huabanshe/index.php/Home/Base/createVerify.html
INFO: [ app_init ] --START--
INFO: Run Behavior\BuildLiteBehavior [ RunTime:0.000011s ]
INFO: [ app_init ] --END-- [ RunTime:0.000296s ]
INFO: [ app_begin ] --START--
INFO: Run Behavior\ReadHtmlCacheBehavior [ RunTime:0.000752s ]
INFO: [ app_begin ] --END-- [ RunTime:0.000824s ]
INFO: [ app_end ] --START--
INFO: Run Behavior\ShowPageTraceBehavior [ RunTime:0.000750s ]
INFO: [ app_end ] --END-- [ RunTime:0.000817s ]

[ 2017-10-04T07:00:50+08:00 ] ::1 /huabanshe/index.php/Home/Base/createVerify.html
INFO: [ app_init ] --START--
INFO: Run Behavior\BuildLiteBehavior [ RunTime:0.000015s ]
INFO: [ app_init ] --END-- [ RunTime:0.000431s ]
INFO: [ app_begin ] --START--
INFO: Run Behavior\ReadHtmlCacheBehavior [ RunTime:0.001024s ]
INFO: [ app_begin ] --END-- [ RunTime:0.001103s ]
INFO: [ app_end ] --START--
INFO: Run Behavior\ShowPageTraceBehavior [ RunTime:0.000762s ]
INFO: [ app_end ] --END-- [ RunTime:0.000833s ]

[ 2017-10-04T07:00:50+08:00 ] ::1 /huabanshe/index.php/Home/Base/createVerify.html
INFO: [ app_init ] --START--
INFO: Run Behavior\BuildLiteBehavior [ RunTime:0.000010s ]
INFO: [ app_init ] --END-- [ RunTime:0.000286s ]
INFO: [ app_begin ] --START--
INFO: Run Behavior\ReadHtmlCacheBehavior [ RunTime:0.000686s ]
INFO: [ app_begin ] --END-- [ RunTime:0.000750s ]
INFO: [ app_end ] --START--
INFO: Run Behavior\ShowPageTraceBehavior [ RunTime:0.000547s ]
INFO: [ app_end ] --END-- [ RunTime:0.000596s ]

[ 2017-10-04T10:08:07+08:00 ] ::1 /huabanshe/index.php
INFO: [ app_init ] --START--
INFO: Run Behavior\BuildLiteBehavior [ RunTime:0.000010s ]
INFO: [ app_init ] --END-- [ RunTime:0.000278s ]
INFO: [ app_begin ] --START--
INFO: Run Behavior\ReadHtmlCacheBehavior [ RunTime:0.000395s ]
INFO: [ app_begin ] --END-- [ RunTime:0.000435s ]
SQL: SHOW COLUMNS FROM `notice` [ RunTime:0.0013s ]
NOTIC: [2] Invalid argument supplied for foreach() H:\AppServ\www\huabanshe\ThinkPHP\Library\Think\Db\Driver.class.php 第 504 行.
SQL: SELECT * FROM `notice` LIMIT 1   [ RunTime:0.0002s ]
NOTIC: [8] Use of undefined constant notice - assumed 'notice' H:\AppServ\www\huabanshe\Application\Home\Controller\IndexController.class.php 第 14 行.
INFO: [ view_parse ] --START--
INFO: [ template_filter ] --START--
INFO: Run Behavior\ContentReplaceBehavior [ RunTime:0.000102s ]
INFO: [ template_filter ] --END-- [ RunTime:0.000139s ]
NOTIC: [8] Undefined variable: list H:\AppServ\www\huabanshe\Application\Runtime\Cache\Home\2a94b8bda04ff446dcedd42276fc99ee.php 第 285 行.
NOTIC: [8] Undefined variable: page H:\AppServ\www\huabanshe\Application\Runtime\Cache\Home\2a94b8bda04ff446dcedd42276fc99ee.php 第 300 行.
INFO: Run Behavior\ParseTemplateBehavior [ RunTime:0.008249s ]
INFO: [ view_parse ] --END-- [ RunTime:0.008287s ]
INFO: [ view_filter ] --START--
INFO: Run Behavior\WriteHtmlCacheBehavior [ RunTime:0.000247s ]
INFO: [ view_filter ] --END-- [ RunTime:0.000276s ]
INFO: [ app_end ] --START--
INFO: Run Behavior\ShowPageTraceBehavior [ RunTime:0.009593s ]
INFO: [ app_end ] --END-- [ RunTime:0.009649s ]

[ 2017-10-04T10:08:07+08:00 ] ::1 /huabanshe/index.php/Home/Base/createVerify.html
INFO: [ app_init ] --START--
INFO: Run Behavior\BuildLiteBehavior [ RunTime:0.000018s ]
INFO: [ app_init ] --END-- [ RunTime:0.000492s ]
INFO: [ app_begin ] --START--
INFO: Run Behavior\ReadHtmlCacheBehavior [ RunTime:0.000831s ]
INFO: [ app_begin ] --END-- [ RunTime:0.000912s ]
INFO: [ app_end ] --START--
INFO: Run Behavior\ShowPageTraceBehavior [ RunTime:0.001132s ]
INFO: [ app_end ] --END-- [ RunTime:0.001301s ]

