[ 2017-08-11T12:43:36+08:00 ] ::1 /huabanshe/Public/image/20150823118399837054184672203446829220349324.jpg%7D
INFO: [ app_init ] --START--
INFO: Run Behavior\BuildLiteBehavior [ RunTime:0.000013s ]
INFO: [ app_init ] --END-- [ RunTime:0.000522s ]
ERR: 无法加载模块:Public

[ 2017-08-11T12:43:36+08:00 ] ::1 /huabanshe/Public/image/2015082311739336812671047657552291657542276.jpg%7D
INFO: [ app_init ] --START--
INFO: Run Behavior\BuildLiteBehavior [ RunTime:0.000016s ]
INFO: [ app_init ] --END-- [ RunTime:0.000643s ]
ERR: 无法加载模块:Public

[ 2017-08-11T12:43:36+08:00 ] ::1 /huabanshe/Public/image/root62362317513096061992180646199223282.jpg%7D
INFO: [ app_init ] --START--
INFO: Run Behavior\BuildLiteBehavior [ RunTime:0.000015s ]
INFO: [ app_init ] --END-- [ RunTime:0.000663s ]
ERR: 无法加载模块:Public

[ 2017-08-11T12:43:36+08:00 ] ::1 /huabanshe/Public/image/201508231054220630128228925776640222577655276.jpg%7D
INFO: [ app_init ] --START--
INFO: Run Behavior\BuildLiteBehavior [ RunTime:0.000012s ]
INFO: [ app_init ] --END-- [ RunTime:0.000427s ]
ERR: 无法加载模块:Public

[ 2017-08-11T12:43:36+08:00 ] ::1 /huabanshe/Public/image/2015082310895364236167241270823023270851800.jpg%7D
INFO: [ app_init ] --START--
INFO: Run Behavior\BuildLiteBehavior [ RunTime:0.000014s ]
INFO: [ app_init ] --END-- [ RunTime:0.000595s ]
ERR: 无法加载模块:Public

[ 2017-08-11T12:43:36+08:00 ] ::1 /huabanshe/Public/image/201508231055785945936698556014898545601413069.jpg%7D
INFO: [ app_init ] --START--
INFO: Run Behavior\BuildLiteBehavior [ RunTime:0.000015s ]
INFO: [ app_init ] --END-- [ RunTime:0.000617s ]
ERR: 无法加载模块:Public

[ 2017-08-11T12:43:36+08:00 ] ::1 /huabanshe/Public/image/2015082311739336812671047657552291657542276.jpg%7D
INFO: [ app_init ] --START--
INFO: Run Behavior\BuildLiteBehavior [ RunTime:0.000014s ]
INFO: [ app_init ] --END-- [ RunTime:0.000582s ]
ERR: 无法加载模块:Public

[ 2017-08-11T12:43:36+08:00 ] ::1 /huabanshe/Public/image/2015082310752985588093967660826264660863976.jpg%7D
INFO: [ app_init ] --START--
INFO: Run Behavior\BuildLiteBehavior [ RunTime:0.000017s ]
INFO: [ app_init ] --END-- [ RunTime:0.000636s ]
ERR: 无法加载模块:Public

[ 2017-08-11T12:43:36+08:00 ] ::1 /huabanshe/Public/image/root62362317513096061992180646199223282.jpg%7D
INFO: [ app_init ] --START--
INFO: Run Behavior\BuildLiteBehavior [ RunTime:0.000016s ]
INFO: [ app_init ] --END-- [ RunTime:0.000560s ]
ERR: 无法加载模块:Public

[ 2017-08-11T12:43:36+08:00 ] ::1 /huabanshe/Public/image/20150823118399837054184672203446829220349324.jpg%7D
INFO: [ app_init ] --START--
INFO: Run Behavior\BuildLiteBehavior [ RunTime:0.000014s ]
INFO: [ app_init ] --END-- [ RunTime:0.000462s ]
ERR: 无法加载模块:Public

[ 2017-08-11T12:43:36+08:00 ] ::1 /huabanshe/Public/image/201508231054220630128228925776640222577655276.jpg%7D
INFO: [ app_init ] --START--
INFO: Run Behavior\BuildLiteBehavior [ RunTime:0.000017s ]
INFO: [ app_init ] --END-- [ RunTime:0.000577s ]
ERR: 无法加载模块:Public

[ 2017-08-11T12:43:36+08:00 ] ::1 /huabanshe/Public/image/201508231062658749533235562447473146244789958.jpg%7D
INFO: [ app_init ] --START--
INFO: Run Behavior\BuildLiteBehavior [ RunTime:0.000013s ]
INFO: [ app_init ] --END-- [ RunTime:0.001107s ]
ERR: 无法加载模块:Public

[ 2017-08-11T13:25:46+08:00 ] ::1 /huabanshe/img/pic01.jpg
INFO: [ app_init ] --START--
INFO: Run Behavior\BuildLiteBehavior [ RunTime:0.000019s ]
INFO: [ app_init ] --END-- [ RunTime:0.000710s ]
ERR: 无法加载模块:Img

[ 2017-08-11T13:27:07+08:00 ] ::1 /huabanshe/img/pic01.jpg
INFO: [ app_init ] --START--
INFO: Run Behavior\BuildLiteBehavior [ RunTime:0.000020s ]
INFO: [ app_init ] --END-- [ RunTime:0.000496s ]
ERR: 无法加载模块:Img

[ 2017-08-11T13:27:55+08:00 ] ::1 /huabanshe/img/pic01.jpg
INFO: [ app_init ] --START--
INFO: Run Behavior\BuildLiteBehavior [ RunTime:0.000011s ]
INFO: [ app_init ] --END-- [ RunTime:0.000515s ]
ERR: 无法加载模块:Img

[ 2017-08-11T13:28:02+08:00 ] ::1 /huabanshe/index.php/img/pic01.jpg
INFO: [ app_init ] --START--
INFO: Run Behavior\BuildLiteBehavior [ RunTime:0.000012s ]
INFO: [ app_init ] --END-- [ RunTime:0.000415s ]
ERR: 无法加载模块:Img

[ 2017-08-11T13:29:29+08:00 ] ::1 /huabanshe/img/pic01.jpg
INFO: [ app_init ] --START--
INFO: Run Behavior\BuildLiteBehavior [ RunTime:0.000009s ]
INFO: [ app_init ] --END-- [ RunTime:0.000405s ]
ERR: 无法加载模块:Img

[ 2017-08-11T13:30:08+08:00 ] ::1 /huabanshe/img/pic01.jpg
INFO: [ app_init ] --START--
INFO: Run Behavior\BuildLiteBehavior [ RunTime:0.000011s ]
INFO: [ app_init ] --END-- [ RunTime:0.000407s ]
ERR: 无法加载模块:Img

[ 2017-08-11T13:33:17+08:00 ] ::1 /huabanshe/img/pic01.jpg
INFO: [ app_init ] --START--
INFO: Run Behavior\BuildLiteBehavior [ RunTime:0.000012s ]
INFO: [ app_init ] --END-- [ RunTime:0.000432s ]
ERR: 无法加载模块:Img

[ 2017-08-11T13:33:28+08:00 ] ::1 /huabanshe/img/pic01.jpg
INFO: [ app_init ] --START--
INFO: Run Behavior\BuildLiteBehavior [ RunTime:0.000045s ]
INFO: [ app_init ] --END-- [ RunTime:0.000463s ]
ERR: 无法加载模块:Img

[ 2017-08-11T13:33:34+08:00 ] ::1 /huabanshe/img/pic01.jpg
INFO: [ app_init ] --START--
INFO: Run Behavior\BuildLiteBehavior [ RunTime:0.000010s ]
INFO: [ app_init ] --END-- [ RunTime:0.000356s ]
ERR: 无法加载模块:Img

[ 2017-08-11T13:34:04+08:00 ] ::1 /huabanshe/img/pic01.jpg
INFO: [ app_init ] --START--
INFO: Run Behavior\BuildLiteBehavior [ RunTime:0.000012s ]
INFO: [ app_init ] --END-- [ RunTime:0.000418s ]
ERR: 无法加载模块:Img

[ 2017-08-11T13:34:15+08:00 ] ::1 /huabanshe/img/pic01.jpg
INFO: [ app_init ] --START--
INFO: Run Behavior\BuildLiteBehavior [ RunTime:0.000014s ]
INFO: [ app_init ] --END-- [ RunTime:0.000602s ]
ERR: 无法加载模块:Img

[ 2017-08-11T13:35:01+08:00 ] ::1 /huabanshe/index.php/img/pic01.jpg
INFO: [ app_init ] --START--
INFO: Run Behavior\BuildLiteBehavior [ RunTime:0.000016s ]
INFO: [ app_init ] --END-- [ RunTime:0.000507s ]
ERR: 无法加载模块:Img

[ 2017-08-11T13:35:05+08:00 ] ::1 /huabanshe/index.php/img/pic01.jpg
INFO: [ app_init ] --START--
INFO: Run Behavior\BuildLiteBehavior [ RunTime:0.000016s ]
INFO: [ app_init ] --END-- [ RunTime:0.000753s ]
ERR: 无法加载模块:Img

[ 2017-08-11T13:35:08+08:00 ] ::1 /huabanshe/index.php/img/pic01.jpg
INFO: [ app_init ] --START--
INFO: Run Behavior\BuildLiteBehavior [ RunTime:0.000016s ]
INFO: [ app_init ] --END-- [ RunTime:0.000681s ]
ERR: 无法加载模块:Img

[ 2017-08-11T13:36:09+08:00 ] ::1 /huabanshe/index.php/img/pic01.jpg
INFO: [ app_init ] --START--
INFO: Run Behavior\BuildLiteBehavior [ RunTime:0.000019s ]
INFO: [ app_init ] --END-- [ RunTime:0.000672s ]
ERR: 无法加载模块:Img

[ 2017-08-11T13:36:15+08:00 ] ::1 /huabanshe/index.php/img/pic01.jpg
INFO: [ app_init ] --START--
INFO: Run Behavior\BuildLiteBehavior [ RunTime:0.000031s ]
INFO: [ app_init ] --END-- [ RunTime:0.000864s ]
ERR: 无法加载模块:Img

[ 2017-08-11T13:36:22+08:00 ] ::1 /huabanshe/index.php/img/pic01.jpg
INFO: [ app_init ] --START--
INFO: Run Behavior\BuildLiteBehavior [ RunTime:0.000022s ]
INFO: [ app_init ] --END-- [ RunTime:0.001209s ]
ERR: 无法加载模块:Img

[ 2017-08-11T13:36:45+08:00 ] ::1 /huabanshe/index.php/img/pic01.jpg
INFO: [ app_init ] --START--
INFO: Run Behavior\BuildLiteBehavior [ RunTime:0.000016s ]
INFO: [ app_init ] --END-- [ RunTime:0.000667s ]
ERR: 无法加载模块:Img

[ 2017-08-11T13:37:38+08:00 ] ::1 /huabanshe/index.php/img/pic01.jpg
INFO: [ app_init ] --START--
INFO: Run Behavior\BuildLiteBehavior [ RunTime:0.000024s ]
INFO: [ app_init ] --END-- [ RunTime:0.003039s ]
ERR: 无法加载模块:Img

[ 2017-08-11T13:40:20+08:00 ] ::1 /huabanshe/index.php/img/pic01.jpg
INFO: [ app_init ] --START--
INFO: Run Behavior\BuildLiteBehavior [ RunTime:0.000010s ]
INFO: [ app_init ] --END-- [ RunTime:0.000397s ]
ERR: 无法加载模块:Img

[ 2017-08-11T13:42:24+08:00 ] ::1 /huabanshe/Publicimg/pic01.jpg
INFO: [ app_init ] --START--
INFO: Run Behavior\BuildLiteBehavior [ RunTime:0.000035s ]
INFO: [ app_init ] --END-- [ RunTime:0.001414s ]
ERR: 无法加载模块:Publicimg

[ 2017-08-11T13:42:26+08:00 ] ::1 /huabanshe/Publicimg/pic01.jpg
INFO: [ app_init ] --START--
INFO: Run Behavior\BuildLiteBehavior [ RunTime:0.000009s ]
INFO: [ app_init ] --END-- [ RunTime:0.000379s ]
ERR: 无法加载模块:Publicimg

[ 2017-08-11T13:42:27+08:00 ] ::1 /huabanshe/Publicimg/pic01.jpg
INFO: [ app_init ] --START--
INFO: Run Behavior\BuildLiteBehavior [ RunTime:0.000013s ]
INFO: [ app_init ] --END-- [ RunTime:0.000584s ]
ERR: 无法加载模块:Publicimg

[ 2017-08-11T13:42:27+08:00 ] ::1 /huabanshe/Publicimg/pic01.jpg
INFO: [ app_init ] --START--
INFO: Run Behavior\BuildLiteBehavior [ RunTime:0.000015s ]
INFO: [ app_init ] --END-- [ RunTime:0.000654s ]
ERR: 无法加载模块:Publicimg

[ 2017-08-11T13:42:28+08:00 ] ::1 /huabanshe/Publicimg/pic01.jpg
INFO: [ app_init ] --START--
INFO: Run Behavior\BuildLiteBehavior [ RunTime:0.000010s ]
INFO: [ app_init ] --END-- [ RunTime:0.000590s ]
ERR: 无法加载模块:Publicimg

[ 2017-08-11T13:42:36+08:00 ] ::1 /huabanshe/Publicimg1/pic01.jpg
INFO: [ app_init ] --START--
INFO: Run Behavior\BuildLiteBehavior [ RunTime:0.000046s ]
INFO: [ app_init ] --END-- [ RunTime:0.000603s ]
ERR: 无法加载模块:Publicimg1

[ 2017-08-11T13:42:40+08:00 ] ::1 /huabanshe/Publicimg1/pic01.jpg
INFO: [ app_init ] --START--
INFO: Run Behavior\BuildLiteBehavior [ RunTime:0.000041s ]
INFO: [ app_init ] --END-- [ RunTime:0.001148s ]
ERR: 无法加载模块:Publicimg1

[ 2017-08-11T13:42:42+08:00 ] ::1 /huabanshe/Publicimg1/pic01.jpg
INFO: [ app_init ] --START--
INFO: Run Behavior\BuildLiteBehavior [ RunTime:0.000012s ]
INFO: [ app_init ] --END-- [ RunTime:0.000411s ]
ERR: 无法加载模块:Publicimg1

[ 2017-08-11T13:42:44+08:00 ] ::1 /huabanshe/Publicimg1/pic01.jpg
INFO: [ app_init ] --START--
INFO: Run Behavior\BuildLiteBehavior [ RunTime:0.000011s ]
INFO: [ app_init ] --END-- [ RunTime:0.000440s ]
ERR: 无法加载模块:Publicimg1

[ 2017-08-11T14:27:48+08:00 ] ::1 /huabanshe/Application/Home/View/Aboutus/img/pic04.jpg
INFO: [ app_init ] --START--
INFO: Run Behavior\BuildLiteBehavior [ RunTime:0.000015s ]
INFO: [ app_init ] --END-- [ RunTime:0.000518s ]
ERR: 无法加载模块:Application

[ 2017-08-11T14:28:40+08:00 ] ::1 /huabanshe/Application/Home/View/Aboutus/img/pic04.jpg
INFO: [ app_init ] --START--
INFO: Run Behavior\BuildLiteBehavior [ RunTime:0.000011s ]
INFO: [ app_init ] --END-- [ RunTime:0.000443s ]
ERR: 无法加载模块:Application

[ 2017-08-11T22:41:40+08:00 ] ::1 /huabanshe/index.php/!-PUBLIC-!/Css/page.css
INFO: [ app_init ] --START--
INFO: Run Behavior\BuildLiteBehavior [ RunTime:0.000018s ]
INFO: [ app_init ] --END-- [ RunTime:0.000626s ]
ERR: 无法加载模块:!-PUBLIC-!

[ 2017-08-11T22:42:03+08:00 ] ::1 /huabanshe/index.php/!-PUBLIC-!/Css/page.css
INFO: [ app_init ] --START--
INFO: Run Behavior\BuildLiteBehavior [ RunTime:0.000017s ]
INFO: [ app_init ] --END-- [ RunTime:0.000709s ]
ERR: 无法加载模块:!-PUBLIC-!

[ 2017-08-11T22:42:04+08:00 ] ::1 /huabanshe/index.php/!-PUBLIC-!/Css/page.css
INFO: [ app_init ] --START--
INFO: Run Behavior\BuildLiteBehavior [ RunTime:0.000016s ]
INFO: [ app_init ] --END-- [ RunTime:0.000574s ]
ERR: 无法加载模块:!-PUBLIC-!

[ 2017-08-11T22:43:01+08:00 ] ::1 /huabanshe/index.php/!-PUBLIC-!/Css/page.css
INFO: [ app_init ] --START--
INFO: Run Behavior\BuildLiteBehavior [ RunTime:0.000015s ]
INFO: [ app_init ] --END-- [ RunTime:0.000635s ]
ERR: 无法加载模块:!-PUBLIC-!

