[ 2017-09-21T15:27:26+08:00 ] ::1 /huabanshe/!-PUBLIC-!/Css/page.css
INFO: [ app_init ] --START--
INFO: Run Behavior\BuildLiteBehavior [ RunTime:0.000010s ]
INFO: [ app_init ] --END-- [ RunTime:0.000281s ]
ERR: 无法加载模块:!-PUBLIC-!

[ 2017-09-21T15:28:09+08:00 ] ::1 /huabanshe/!-PUBLIC-!/Css/page.css
INFO: [ app_init ] --START--
INFO: Run Behavior\BuildLiteBehavior [ RunTime:0.000006s ]
INFO: [ app_init ] --END-- [ RunTime:0.000207s ]
ERR: 无法加载模块:!-PUBLIC-!

[ 2017-09-21T15:28:37+08:00 ] ::1 /huabanshe/!-PUBLIC-!/Css/page.css
INFO: [ app_init ] --START--
INFO: Run Behavior\BuildLiteBehavior [ RunTime:0.000007s ]
INFO: [ app_init ] --END-- [ RunTime:0.000209s ]
ERR: 无法加载模块:!-PUBLIC-!

[ 2017-09-21T15:28:38+08:00 ] ::1 /huabanshe/!-PUBLIC-!/Css/page.css
INFO: [ app_init ] --START--
INFO: Run Behavior\BuildLiteBehavior [ RunTime:0.000009s ]
INFO: [ app_init ] --END-- [ RunTime:0.000214s ]
ERR: 无法加载模块:!-PUBLIC-!

[ 2017-09-21T15:37:51+08:00 ] ::1 /huabanshe/!-PUBLIC-!/Css/page.css
INFO: [ app_init ] --START--
INFO: Run Behavior\BuildLiteBehavior [ RunTime:0.000008s ]
INFO: [ app_init ] --END-- [ RunTime:0.000288s ]
ERR: 无法加载模块:!-PUBLIC-!

[ 2017-09-21T15:38:52+08:00 ] ::1 /huabanshe/!-PUBLIC-!/Css/page.css
INFO: [ app_init ] --START--
INFO: Run Behavior\BuildLiteBehavior [ RunTime:0.000008s ]
INFO: [ app_init ] --END-- [ RunTime:0.000250s ]
ERR: 无法加载模块:!-PUBLIC-!

[ 2017-09-21T15:39:29+08:00 ] ::1 /huabanshe/!-PUBLIC-!/Css/page.css
INFO: [ app_init ] --START--
INFO: Run Behavior\BuildLiteBehavior [ RunTime:0.000008s ]
INFO: [ app_init ] --END-- [ RunTime:0.000236s ]
ERR: 无法加载模块:!-PUBLIC-!

[ 2017-09-21T15:40:32+08:00 ] ::1 /huabanshe/!-PUBLIC-!/Css/page.css
INFO: [ app_init ] --START--
INFO: Run Behavior\BuildLiteBehavior [ RunTime:0.000009s ]
INFO: [ app_init ] --END-- [ RunTime:0.000226s ]
ERR: 无法加载模块:!-PUBLIC-!

[ 2017-09-21T15:47:41+08:00 ] ::1 /huabanshe/!-PUBLIC-!/Css/page.css
INFO: [ app_init ] --START--
INFO: Run Behavior\BuildLiteBehavior [ RunTime:0.000009s ]
INFO: [ app_init ] --END-- [ RunTime:0.000317s ]
ERR: 无法加载模块:!-PUBLIC-!

[ 2017-09-21T15:50:19+08:00 ] ::1 /huabanshe/!-PUBLIC-!/Css/page.css
INFO: [ app_init ] --START--
INFO: Run Behavior\BuildLiteBehavior [ RunTime:0.000014s ]
INFO: [ app_init ] --END-- [ RunTime:0.000361s ]
ERR: 无法加载模块:!-PUBLIC-!

[ 2017-09-21T15:50:40+08:00 ] ::1 /huabanshe/!-PUBLIC-!/Css/page.css
INFO: [ app_init ] --START--
INFO: Run Behavior\BuildLiteBehavior [ RunTime:0.000008s ]
INFO: [ app_init ] --END-- [ RunTime:0.000266s ]
ERR: 无法加载模块:!-PUBLIC-!

[ 2017-09-21T15:58:04+08:00 ] ::1 /huabanshe/!-PUBLIC-!/Css/page.css
INFO: [ app_init ] --START--
INFO: Run Behavior\BuildLiteBehavior [ RunTime:0.000010s ]
INFO: [ app_init ] --END-- [ RunTime:0.000415s ]
ERR: 无法加载模块:!-PUBLIC-!

[ 2017-09-21T15:58:05+08:00 ] ::1 /huabanshe/!-PUBLIC-!/Css/page.css
INFO: [ app_init ] --START--
INFO: Run Behavior\BuildLiteBehavior [ RunTime:0.000007s ]
INFO: [ app_init ] --END-- [ RunTime:0.000214s ]
ERR: 无法加载模块:!-PUBLIC-!

[ 2017-09-21T16:03:27+08:00 ] ::1 /huabanshe/index.php/!-PUBLIC-!/Css/page.css
INFO: [ app_init ] --START--
INFO: Run Behavior\BuildLiteBehavior [ RunTime:0.000008s ]
INFO: [ app_init ] --END-- [ RunTime:0.000239s ]
ERR: 无法加载模块:!-PUBLIC-!

[ 2017-09-21T16:03:54+08:00 ] ::1 /huabanshe/index.php/!-PUBLIC-!/Css/page.css
INFO: [ app_init ] --START--
INFO: Run Behavior\BuildLiteBehavior [ RunTime:0.000009s ]
INFO: [ app_init ] --END-- [ RunTime:0.000223s ]
ERR: 无法加载模块:!-PUBLIC-!

[ 2017-09-21T16:04:04+08:00 ] ::1 /huabanshe/index.php/!-PUBLIC-!/Css/page.css
INFO: [ app_init ] --START--
INFO: Run Behavior\BuildLiteBehavior [ RunTime:0.000008s ]
INFO: [ app_init ] --END-- [ RunTime:0.000342s ]
ERR: 无法加载模块:!-PUBLIC-!

