[ 2017-08-10T11:49:30+08:00 ] ::1 /huabanshe/index.php/semantic.min.css
INFO: [ app_init ] --START--
INFO: Run Behavior\BuildLiteBehavior [ RunTime:0.000016s ]
INFO: [ app_init ] --END-- [ RunTime:0.000539s ]
ERR: 无法加载模块:Semantic.min

[ 2017-08-10T11:49:30+08:00 ] ::1 /huabanshe/index.php/jquery-3.2.1.min.js
INFO: [ app_init ] --START--
INFO: Run Behavior\BuildLiteBehavior [ RunTime:0.000010s ]
INFO: [ app_init ] --END-- [ RunTime:0.000337s ]
ERR: 无法加载模块:Jquery-3.2.1.min

[ 2017-08-10T11:49:30+08:00 ] ::1 /huabanshe/index.php/semantic.min.js
INFO: [ app_init ] --START--
INFO: Run Behavior\BuildLiteBehavior [ RunTime:0.000010s ]
INFO: [ app_init ] --END-- [ RunTime:0.000410s ]
ERR: 无法加载模块:Semantic.min

[ 2017-08-10T11:49:31+08:00 ] ::1 /huabanshe/index.php/semantic.min.css
INFO: [ app_init ] --START--
INFO: Run Behavior\BuildLiteBehavior [ RunTime:0.000016s ]
INFO: [ app_init ] --END-- [ RunTime:0.000553s ]
ERR: 无法加载模块:Semantic.min

[ 2017-08-10T11:49:31+08:00 ] ::1 /huabanshe/index.php/semantic.min.js
INFO: [ app_init ] --START--
INFO: Run Behavior\BuildLiteBehavior [ RunTime:0.000015s ]
INFO: [ app_init ] --END-- [ RunTime:0.001101s ]
ERR: 无法加载模块:Semantic.min

[ 2017-08-10T11:49:31+08:00 ] ::1 /huabanshe/index.php/jquery-3.2.1.min.js
INFO: [ app_init ] --START--
INFO: Run Behavior\BuildLiteBehavior [ RunTime:0.000011s ]
INFO: [ app_init ] --END-- [ RunTime:0.000465s ]
ERR: 无法加载模块:Jquery-3.2.1.min

[ 2017-08-10T11:49:31+08:00 ] ::1 /huabanshe/index.php/semantic.min.js
INFO: [ app_init ] --START--
INFO: Run Behavior\BuildLiteBehavior [ RunTime:0.000015s ]
INFO: [ app_init ] --END-- [ RunTime:0.000509s ]
ERR: 无法加载模块:Semantic.min

[ 2017-08-10T11:49:31+08:00 ] ::1 /huabanshe/index.php/semantic.min.css
INFO: [ app_init ] --START--
INFO: Run Behavior\BuildLiteBehavior [ RunTime:0.000016s ]
INFO: [ app_init ] --END-- [ RunTime:0.000600s ]
ERR: 无法加载模块:Semantic.min

[ 2017-08-10T11:49:31+08:00 ] ::1 /huabanshe/index.php/jquery-3.2.1.min.js
INFO: [ app_init ] --START--
INFO: Run Behavior\BuildLiteBehavior [ RunTime:0.000017s ]
INFO: [ app_init ] --END-- [ RunTime:0.002905s ]
ERR: 无法加载模块:Jquery-3.2.1.min

[ 2017-08-10T12:37:36+08:00 ] ::1 /huabanshe/index.php/addgoods.html
INFO: [ app_init ] --START--
INFO: Run Behavior\BuildLiteBehavior [ RunTime:0.000012s ]
INFO: [ app_init ] --END-- [ RunTime:0.000409s ]
ERR: 无法加载模块:Addgoods

[ 2017-08-10T14:16:43+08:00 ] ::1 /huabanshe/index.php/Usermin/alterpwd.html
INFO: [ app_init ] --START--
INFO: Run Behavior\BuildLiteBehavior [ RunTime:0.000017s ]
INFO: [ app_init ] --END-- [ RunTime:0.000710s ]
ERR: 无法加载模块:Usermin

