[ 2017-09-18T12:13:47+08:00 ] ::1 /huabanshe/!-PUBLIC-!/Css/page.css
INFO: [ app_init ] --START--
INFO: Run Behavior\BuildLiteBehavior [ RunTime:0.000009s ]
INFO: [ app_init ] --END-- [ RunTime:0.000441s ]
ERR: 无法加载模块:!-PUBLIC-!

[ 2017-09-18T12:14:13+08:00 ] ::1 /huabanshe/!-PUBLIC-!/Css/page.css
INFO: [ app_init ] --START--
INFO: Run Behavior\BuildLiteBehavior [ RunTime:0.000015s ]
INFO: [ app_init ] --END-- [ RunTime:0.000509s ]
ERR: 无法加载模块:!-PUBLIC-!

[ 2017-09-18T12:14:21+08:00 ] ::1 /huabanshe/index.php/!-PUBLIC-!/Css/page.css
INFO: [ app_init ] --START--
INFO: Run Behavior\BuildLiteBehavior [ RunTime:0.000018s ]
INFO: [ app_init ] --END-- [ RunTime:0.000547s ]
ERR: 无法加载模块:!-PUBLIC-!

[ 2017-09-18T12:14:25+08:00 ] ::1 /huabanshe/index.php/!-PUBLIC-!/Css/page.css
INFO: [ app_init ] --START--
INFO: Run Behavior\BuildLiteBehavior [ RunTime:0.000016s ]
INFO: [ app_init ] --END-- [ RunTime:0.000523s ]
ERR: 无法加载模块:!-PUBLIC-!

[ 2017-09-18T12:14:26+08:00 ] ::1 /huabanshe/index.php/!-PUBLIC-!/Css/page.css
INFO: [ app_init ] --START--
INFO: Run Behavior\BuildLiteBehavior [ RunTime:0.000018s ]
INFO: [ app_init ] --END-- [ RunTime:0.000612s ]
ERR: 无法加载模块:!-PUBLIC-!

[ 2017-09-18T12:14:27+08:00 ] ::1 /huabanshe/index.php/!-PUBLIC-!/Css/page.css
INFO: [ app_init ] --START--
INFO: Run Behavior\BuildLiteBehavior [ RunTime:0.000019s ]
INFO: [ app_init ] --END-- [ RunTime:0.000988s ]
ERR: 无法加载模块:!-PUBLIC-!

[ 2017-09-18T12:14:30+08:00 ] ::1 /huabanshe/index.php/!-PUBLIC-!/Css/page.css
INFO: [ app_init ] --START--
INFO: Run Behavior\BuildLiteBehavior [ RunTime:0.000014s ]
INFO: [ app_init ] --END-- [ RunTime:0.000519s ]
ERR: 无法加载模块:!-PUBLIC-!

